app/mapping.txt
com.zmm.tinkerdemo.MainActivity -> com.zmm.tinkerdemo.MainActivity:
    void <init>() -> <init>
    void onCreate(android.os.Bundle) -> onCreate
    void loadPatch(android.view.View) -> loadPatch
com.zmm.tinkerdemo.SimpleTinkerInApplication -> com.zmm.tinkerdemo.SimpleTinkerInApplication:
    void <init>() -> <init>
com.zmm.tinkerdemo.SimpleTinkerInApplicationLike -> com.zmm.tinkerdemo.SimpleTinkerInApplicationLike:
    void <init>(android.app.Application,int,boolean,long,long,android.content.Intent) -> <init>
    void onBaseContextAttached(android.content.Context) -> onBaseContextAttached
    void onCreate() -> onCreate
...
android.support.v4.widget.Space -> android.support.v4.widget.Space:
    void <init>(android.content.Context,android.util.AttributeSet,int) -> <init>
    void <init>(android.content.Context,android.util.AttributeSet) -> <init>
    void <init>(android.content.Context) -> <init>
    void draw(android.graphics.Canvas) -> draw
    int getDefaultSize2(int,int) -> a
    void onMeasure(int,int) -> onMeasure
android.support.v4.widget.TintableCompoundButton -> android.support.v4.widget.m:
    void setSupportButtonTintList(android.content.res.ColorStateList) -> setSupportButtonTintList
    void setSupportButtonTintMode(android.graphics.PorterDuff$Mode) -> setSupportButtonTintMode
android.support.v7.app.ActionBar -> android.support.v7.app.a:
    void <init>() -> <init>
    int getDisplayOptions() -> a
    boolean isShowing() -> b
    void setHomeButtonEnabled(boolean) -> a
    android.content.Context getThemedContext() -> c
    void setHideOnContentScrollEnabled(boolean) -> b
    int getHideOffset() -> d
    void setElevation(float) -> a
    void setDefaultDisplayHomeAsUpEnabled(boolean) -> c
    void setShowHideAnimationEnabled(boolean) -> d
    void onConfigurationChanged(android.content.res.Configuration) -> a
    void dispatchMenuVisibilityChanged(boolean) -> e
    android.support.v7.view.ActionMode startActionMode(android.support.v7.view.ActionMode$Callback) -> a
    boolean invalidateOptionsMenu() -> e
    boolean onKeyShortcut(int,android.view.KeyEvent) -> a
    boolean collapseActionView() -> f
    void setWindowTitle(java.lang.CharSequence) -> a
    boolean requestFocus() -> g
    void onDestroy() -> h
android.support.v7.app.ActionBar$LayoutParams -> android.support.v7.app.a$a:
    int gravity -> a
    void <init>(android.content.Context,android.util.AttributeSet) -> <init>
    void <init>(int,int) -> <init>
    void <init>(android.support.v7.app.ActionBar$LayoutParams) -> <init>
    void <init>(android.view.ViewGroup$LayoutParams) -> <init>
android.support.v7.app.ActionBar$OnMenuVisibilityListener -> android.support.v7.app.a$b:
    void onMenuVisibilityChanged(boolean) -> a
android.support.v7.app.ActionBar$Tab -> android.support.v7.app.a$c:
    void <init>() -> <init>
    android.graphics.drawable.Drawable getIcon() -> a
    java.lang.CharSequence getText() -> b
    android.view.View getCustomView() -> c
    void select() -> d
    java.lang.CharSequence getContentDescription() -> e
android.support.v7.app.AlertController -> android.support.v7.app.AlertController:
    android.content.Context mContext -> q
    android.support.v7.app.AppCompatDialog mDialog -> a
    android.view.Window mWindow -> r
    java.lang.CharSequence mTitle -> s
    java.lang.CharSequence mMessage -> t
    android.widget.ListView mListView -> b
    android.view.View mView -> u
    int mViewLayoutResId -> v
    int mViewSpacingLeft -> w
    int mViewSpacingTop -> x
    int mViewSpacingRight -> y
    int mViewSpacingBottom -> z
    boolean mViewSpacingSpecified -> A
    android.widget.Button mButtonPositive -> c
    java.lang.CharSequence mButtonPositiveText -> B
    android.os.Message mButtonPositiveMessage -> d
    android.widget.Button mButtonNegative -> e
    java.lang.CharSequence mButtonNegativeText -> C
    android.os.Message mButtonNegativeMessage -> f
    android.widget.Button mButtonNeutral -> g
    java.lang.CharSequence mButtonNeutralText -> D
    android.os.Message mButtonNeutralMessage -> h
    android.support.v4.widget.NestedScrollView mScrollView -> i
    int mIconId -> E
    android.graphics.drawable.Drawable mIcon -> F
    android.widget.ImageView mIconView -> G
    android.widget.TextView mTitleView -> H
    android.widget.TextView mMessageView -> I
    android.view.View mCustomTitleView -> J
    android.widget.ListAdapter mAdapter -> j
    int mCheckedItem -> k
    int mAlertDialogLayout -> K
    int mButtonPanelSideLayout -> L
    int mListLayout -> l